


ARM Macro Assembler    Page 1 


    1 00000000         ;******************** (C) COPYRIGHT 2017 STMicroelectron
                       ics ********************
    2 00000000         ;* File Name          : startup_stm32f407xx.s
    3 00000000         ;* Author             : MCD Application Team
    4 00000000         ;* Version            : V2.6.1
    5 00000000         ;* Date               : 14-February-2017
    6 00000000         ;* Description        : STM32F407xx devices vector table
                        for MDK-ARM toolchain. 
    7 00000000         ;*                      This module performs:
    8 00000000         ;*                      - Set the initial SP
    9 00000000         ;*                      - Set the initial PC == Reset_Ha
                       ndler
   10 00000000         ;*                      - Set the vector table entries w
                       ith the exceptions ISR address
   11 00000000         ;*                      - Branches to __main in the C li
                       brary (which eventually
   12 00000000         ;*                        calls main()).
   13 00000000         ;*                      After Reset the CortexM4 process
                       or is in Thread mode,
   14 00000000         ;*                      priority is Privileged, and the 
                       Stack is set to Main.
   15 00000000         ;* <<< Use Configuration Wizard in Context Menu >>>   
   16 00000000         ;*******************************************************
                       ************************
   17 00000000         ; 
   18 00000000         ;* Redistribution and use in source and binary forms, wi
                       th or without modification,
   19 00000000         ;* are permitted provided that the following conditions 
                       are met:
   20 00000000         ;*   1. Redistributions of source code must retain the a
                       bove copyright notice,
   21 00000000         ;*      this list of conditions and the following discla
                       imer.
   22 00000000         ;*   2. Redistributions in binary form must reproduce th
                       e above copyright notice,
   23 00000000         ;*      this list of conditions and the following discla
                       imer in the documentation
   24 00000000         ;*      and/or other materials provided with the distrib
                       ution.
   25 00000000         ;*   3. Neither the name of STMicroelectronics nor the n
                       ames of its contributors
   26 00000000         ;*      may be used to endorse or promote products deriv
                       ed from this software
   27 00000000         ;*      without specific prior written permission.
   28 00000000         ;*
   29 00000000         ;* THIS SOFTWARE IS PROVIDED BY THE COPYRIGHT HOLDERS AN
                       D CONTRIBUTORS "AS IS"
   30 00000000         ;* AND ANY EXPRESS OR IMPLIED WARRANTIES, INCLUDING, BUT
                        NOT LIMITED TO, THE
   31 00000000         ;* IMPLIED WARRANTIES OF MERCHANTABILITY AND FITNESS FOR
                        A PARTICULAR PURPOSE ARE
   32 00000000         ;* DISCLAIMED. IN NO EVENT SHALL THE COPYRIGHT HOLDER OR
                        CONTRIBUTORS BE LIABLE
   33 00000000         ;* FOR ANY DIRECT, INDIRECT, INCIDENTAL, SPECIAL, EXEMPL
                       ARY, OR CONSEQUENTIAL
   34 00000000         ;* DAMAGES (INCLUDING, BUT NOT LIMITED TO, PROCUREMENT O
                       F SUBSTITUTE GOODS OR
   35 00000000         ;* SERVICES; LOSS OF USE, DATA, OR PROFITS; OR BUSINESS 
                       INTERRUPTION) HOWEVER



ARM Macro Assembler    Page 2 


   36 00000000         ;* CAUSED AND ON ANY THEORY OF LIABILITY, WHETHER IN CON
                       TRACT, STRICT LIABILITY,
   37 00000000         ;* OR TORT (INCLUDING NEGLIGENCE OR OTHERWISE) ARISING I
                       N ANY WAY OUT OF THE USE
   38 00000000         ;* OF THIS SOFTWARE, EVEN IF ADVISED OF THE POSSIBILITY 
                       OF SUCH DAMAGE.
   39 00000000         ; 
   40 00000000         ;*******************************************************
                       ************************
   41 00000000         
   42 00000000         ; Amount of memory (in bytes) allocated for Stack
   43 00000000         ; Tailor this value to your application needs
   44 00000000         ; <h> Stack Configuration
   45 00000000         ;   <o> Stack Size (in Bytes) <0x0-0xFFFFFFFF:8>
   46 00000000         ; </h>
   47 00000000         
   48 00000000 00000400 
                       Stack_Size
                               EQU              0x400
   49 00000000         
   50 00000000                 AREA             STACK, NOINIT, READWRITE, ALIGN
=3
   51 00000000         Stack_Mem
                               SPACE            Stack_Size
   52 00000400         __initial_sp
   53 00000400         
   54 00000400         
   55 00000400         ; <h> Heap Configuration
   56 00000400         ;   <o>  Heap Size (in Bytes) <0x0-0xFFFFFFFF:8>
   57 00000400         ; </h>
   58 00000400         
   59 00000400 00000200 
                       Heap_Size
                               EQU              0x200
   60 00000400         
   61 00000400                 AREA             HEAP, NOINIT, READWRITE, ALIGN=
3
   62 00000000         __heap_base
   63 00000000         Heap_Mem
                               SPACE            Heap_Size
   64 00000200         __heap_limit
   65 00000200         
   66 00000200                 PRESERVE8
   67 00000200                 THUMB
   68 00000200         
   69 00000200         
   70 00000200         ; Vector Table Mapped to Address 0 at Reset
   71 00000200                 AREA             RESET, DATA, READONLY
   72 00000000                 EXPORT           __Vectors
   73 00000000                 EXPORT           __Vectors_End
   74 00000000                 EXPORT           __Vectors_Size
   75 00000000         
   76 00000000 00000000 
                       __Vectors
                               DCD              __initial_sp ; Top of Stack
   77 00000004 00000000        DCD              Reset_Handler ; Reset Handler
   78 00000008 00000000        DCD              NMI_Handler ; NMI Handler
   79 0000000C 00000000        DCD              HardFault_Handler ; Hard Fault 
                                                            Handler



ARM Macro Assembler    Page 3 


   80 00000010 00000000        DCD              MemManage_Handler 
                                                            ; MPU Fault Handler
                                                            
   81 00000014 00000000        DCD              BusFault_Handler 
                                                            ; Bus Fault Handler
                                                            
   82 00000018 00000000        DCD              UsageFault_Handler ; Usage Faul
                                                            t Handler
   83 0000001C 00000000        DCD              0           ; Reserved
   84 00000020 00000000        DCD              0           ; Reserved
   85 00000024 00000000        DCD              0           ; Reserved
   86 00000028 00000000        DCD              0           ; Reserved
   87 0000002C 00000000        DCD              SVC_Handler ; SVCall Handler
   88 00000030 00000000        DCD              DebugMon_Handler ; Debug Monito
                                                            r Handler
   89 00000034 00000000        DCD              0           ; Reserved
   90 00000038 00000000        DCD              PendSV_Handler ; PendSV Handler
                                                            
   91 0000003C 00000000        DCD              SysTick_Handler 
                                                            ; SysTick Handler
   92 00000040         
   93 00000040         ; External Interrupts
   94 00000040 00000000        DCD              WWDG_IRQHandler ; Window WatchD
                                                            og                 
                                                                               
                                                                
   95 00000044 00000000        DCD              PVD_IRQHandler ; PVD through EX
                                                            TI Line detection  
                                                                               
                                                               
   96 00000048 00000000        DCD              TAMP_STAMP_IRQHandler ; Tamper 
                                                            and TimeStamps thro
                                                            ugh the EXTI line  
                                                                      
   97 0000004C 00000000        DCD              RTC_WKUP_IRQHandler ; RTC Wakeu
                                                            p through the EXTI 
                                                            line               
                                                                    
   98 00000050 00000000        DCD              FLASH_IRQHandler ; FLASH       
                                                                               
                                                                             
   99 00000054 00000000        DCD              RCC_IRQHandler ; RCC           
                                                                               
                                                                           
  100 00000058 00000000        DCD              EXTI0_IRQHandler ; EXTI Line0  
                                                                               
                                                                               
                                                                 
  101 0000005C 00000000        DCD              EXTI1_IRQHandler ; EXTI Line1  
                                                                               
                                                                               
                                                                 
  102 00000060 00000000        DCD              EXTI2_IRQHandler ; EXTI Line2  
                                                                               
                                                                               
                                                                 
  103 00000064 00000000        DCD              EXTI3_IRQHandler ; EXTI Line3  
                                                                               
                                                                               



ARM Macro Assembler    Page 4 


                                                                 
  104 00000068 00000000        DCD              EXTI4_IRQHandler ; EXTI Line4  
                                                                               
                                                                               
                                                                 
  105 0000006C 00000000        DCD              DMA1_Stream0_IRQHandler ; DMA1 
                                                            Stream 0           
                                                                               
                                                                 
  106 00000070 00000000        DCD              DMA1_Stream1_IRQHandler ; DMA1 
                                                            Stream 1           
                                                                               
                                                                 
  107 00000074 00000000        DCD              DMA1_Stream2_IRQHandler ; DMA1 
                                                            Stream 2           
                                                                               
                                                                 
  108 00000078 00000000        DCD              DMA1_Stream3_IRQHandler ; DMA1 
                                                            Stream 3           
                                                                               
                                                                 
  109 0000007C 00000000        DCD              DMA1_Stream4_IRQHandler ; DMA1 
                                                            Stream 4           
                                                                               
                                                                 
  110 00000080 00000000        DCD              DMA1_Stream5_IRQHandler ; DMA1 
                                                            Stream 5           
                                                                               
                                                                 
  111 00000084 00000000        DCD              DMA1_Stream6_IRQHandler ; DMA1 
                                                            Stream 6           
                                                                               
                                                                 
  112 00000088 00000000        DCD              ADC_IRQHandler ; ADC1, ADC2 and
                                                             ADC3s             
                                                                           
  113 0000008C 00000000        DCD              CAN1_TX_IRQHandler ; CAN1 TX   
                                                                               
                                                                               
                                                                   
  114 00000090 00000000        DCD              CAN1_RX0_IRQHandler ; CAN1 RX0 
                                                                               
                                                                               
                                                                    
  115 00000094 00000000        DCD              CAN1_RX1_IRQHandler ; CAN1 RX1 
                                                                               
                                                                               
                                                                    
  116 00000098 00000000        DCD              CAN1_SCE_IRQHandler ; CAN1 SCE 
                                                                               
                                                                               
                                                                    
  117 0000009C 00000000        DCD              EXTI9_5_IRQHandler ; External L
                                                            ine[9:5]s          
                                                                               
                                                                   
  118 000000A0 00000000        DCD              TIM1_BRK_TIM9_IRQHandler ; TIM1
                                                             Break and TIM9    
                                                                           



ARM Macro Assembler    Page 5 


  119 000000A4 00000000        DCD              TIM1_UP_TIM10_IRQHandler ; TIM1
                                                             Update and TIM10  
                                                                           
  120 000000A8 00000000        DCD              TIM1_TRG_COM_TIM11_IRQHandler ;
                                                             TIM1 Trigger and C
                                                            ommutation and TIM1
                                                            1
  121 000000AC 00000000        DCD              TIM1_CC_IRQHandler ; TIM1 Captu
                                                            re Compare         
                                                                               
                                                                   
  122 000000B0 00000000        DCD              TIM2_IRQHandler ; TIM2         
                                                                               
                                                                            
  123 000000B4 00000000        DCD              TIM3_IRQHandler ; TIM3         
                                                                               
                                                                            
  124 000000B8 00000000        DCD              TIM4_IRQHandler ; TIM4         
                                                                               
                                                                            
  125 000000BC 00000000        DCD              I2C1_EV_IRQHandler ; I2C1 Event
                                                                               
                                                                               
                                                                   
  126 000000C0 00000000        DCD              I2C1_ER_IRQHandler ; I2C1 Error
                                                                               
                                                                               
                                                                   
  127 000000C4 00000000        DCD              I2C2_EV_IRQHandler ; I2C2 Event
                                                                               
                                                                               
                                                                   
  128 000000C8 00000000        DCD              I2C2_ER_IRQHandler ; I2C2 Error
                                                                               
                                                                               
                                                                     
  129 000000CC 00000000        DCD              SPI1_IRQHandler ; SPI1         
                                                                               
                                                                            
  130 000000D0 00000000        DCD              SPI2_IRQHandler ; SPI2         
                                                                               
                                                                            
  131 000000D4 00000000        DCD              USART1_IRQHandler ; USART1     
                                                                               
                                                                              
  132 000000D8 00000000        DCD              USART2_IRQHandler ; USART2     
                                                                               
                                                                              
  133 000000DC 00000000        DCD              USART3_IRQHandler ; USART3     
                                                                               
                                                                              
  134 000000E0 00000000        DCD              EXTI15_10_IRQHandler ; External
                                                             Line[15:10]s      
                                                                               
                                                                     
  135 000000E4 00000000        DCD              RTC_Alarm_IRQHandler ; RTC Alar
                                                            m (A and B) through
                                                             EXTI Line         
                                                                     



ARM Macro Assembler    Page 6 


  136 000000E8 00000000        DCD              OTG_FS_WKUP_IRQHandler ; USB OT
                                                            G FS Wakeup through
                                                             EXTI line         
                                                                           
  137 000000EC 00000000        DCD              TIM8_BRK_TIM12_IRQHandler ; TIM
                                                            8 Break and TIM12  
                                                                            
  138 000000F0 00000000        DCD              TIM8_UP_TIM13_IRQHandler ; TIM8
                                                             Update and TIM13  
                                                                           
  139 000000F4 00000000        DCD              TIM8_TRG_COM_TIM14_IRQHandler ;
                                                             TIM8 Trigger and C
                                                            ommutation and TIM1
                                                            4
  140 000000F8 00000000        DCD              TIM8_CC_IRQHandler ; TIM8 Captu
                                                            re Compare         
                                                                               
                                                                   
  141 000000FC 00000000        DCD              DMA1_Stream7_IRQHandler ; DMA1 
                                                            Stream7            
                                                                               
                                                                        
  142 00000100 00000000        DCD              FMC_IRQHandler ; FMC           
                                                                               
                                                                           
  143 00000104 00000000        DCD              SDIO_IRQHandler ; SDIO         
                                                                               
                                                                            
  144 00000108 00000000        DCD              TIM5_IRQHandler ; TIM5         
                                                                               
                                                                            
  145 0000010C 00000000        DCD              SPI3_IRQHandler ; SPI3         
                                                                               
                                                                            
  146 00000110 00000000        DCD              UART4_IRQHandler ; UART4       
                                                                               
                                                                             
  147 00000114 00000000        DCD              UART5_IRQHandler ; UART5       
                                                                               
                                                                             
  148 00000118 00000000        DCD              TIM6_DAC_IRQHandler ; TIM6 and 
                                                            DAC1&2 underrun err
                                                            ors                
                                                               
  149 0000011C 00000000        DCD              TIM7_IRQHandler ; TIM7         
                                                                      
  150 00000120 00000000        DCD              DMA2_Stream0_IRQHandler ; DMA2 
                                                            Stream 0           
                                                                               
                                                                 
  151 00000124 00000000        DCD              DMA2_Stream1_IRQHandler ; DMA2 
                                                            Stream 1           
                                                                               
                                                                 
  152 00000128 00000000        DCD              DMA2_Stream2_IRQHandler ; DMA2 
                                                            Stream 2           
                                                                               
                                                                 
  153 0000012C 00000000        DCD              DMA2_Stream3_IRQHandler ; DMA2 



ARM Macro Assembler    Page 7 


                                                            Stream 3           
                                                                               
                                                                 
  154 00000130 00000000        DCD              DMA2_Stream4_IRQHandler ; DMA2 
                                                            Stream 4           
                                                                               
                                                                 
  155 00000134 00000000        DCD              ETH_IRQHandler ; Ethernet      
                                                                               
                                                                           
  156 00000138 00000000        DCD              ETH_WKUP_IRQHandler ; Ethernet 
                                                            Wakeup through EXTI
                                                             line              
                                                                    
  157 0000013C 00000000        DCD              CAN2_TX_IRQHandler ; CAN2 TX   
                                                                               
                                                                               
                                                                   
  158 00000140 00000000        DCD              CAN2_RX0_IRQHandler ; CAN2 RX0 
                                                                               
                                                                               
                                                                    
  159 00000144 00000000        DCD              CAN2_RX1_IRQHandler ; CAN2 RX1 
                                                                               
                                                                               
                                                                    
  160 00000148 00000000        DCD              CAN2_SCE_IRQHandler ; CAN2 SCE 
                                                                               
                                                                               
                                                                    
  161 0000014C 00000000        DCD              OTG_FS_IRQHandler ; USB OTG FS 
                                                                               
                                                                              
  162 00000150 00000000        DCD              DMA2_Stream5_IRQHandler ; DMA2 
                                                            Stream 5           
                                                                               
                                                                 
  163 00000154 00000000        DCD              DMA2_Stream6_IRQHandler ; DMA2 
                                                            Stream 6           
                                                                               
                                                                 
  164 00000158 00000000        DCD              DMA2_Stream7_IRQHandler ; DMA2 
                                                            Stream 7           
                                                                               
                                                                 
  165 0000015C 00000000        DCD              USART6_IRQHandler ; USART6     
                                                                               
                                                                               
                                                            
  166 00000160 00000000        DCD              I2C3_EV_IRQHandler ; I2C3 event
                                                                               
                                                                               
                                                                   
  167 00000164 00000000        DCD              I2C3_ER_IRQHandler ; I2C3 error
                                                                               
                                                                               
                                                                   
  168 00000168 00000000        DCD              OTG_HS_EP1_OUT_IRQHandler ; USB
                                                             OTG HS End Point 1



ARM Macro Assembler    Page 8 


                                                             Out               
                                                                   
  169 0000016C 00000000        DCD              OTG_HS_EP1_IN_IRQHandler ; USB 
                                                            OTG HS End Point 1 
                                                            In                 
                                                                  
  170 00000170 00000000        DCD              OTG_HS_WKUP_IRQHandler ; USB OT
                                                            G HS Wakeup through
                                                             EXTI              
                                                                       
  171 00000174 00000000        DCD              OTG_HS_IRQHandler ; USB OTG HS 
                                                                               
                                                                              
  172 00000178 00000000        DCD              DCMI_IRQHandler ; DCMI  
  173 0000017C 00000000        DCD              0           ; Reserved         
                                                                               
                                                                  
  174 00000180 00000000        DCD              HASH_RNG_IRQHandler 
                                                            ; Hash and Rng
  175 00000184 00000000        DCD              FPU_IRQHandler ; FPU
  176 00000188         
  177 00000188         
  178 00000188         __Vectors_End
  179 00000188         
  180 00000188 00000188 
                       __Vectors_Size
                               EQU              __Vectors_End - __Vectors
  181 00000188         
  182 00000188                 AREA             |.text|, CODE, READONLY
  183 00000000         
  184 00000000         ; Reset handler
  185 00000000         Reset_Handler
                               PROC
  186 00000000                 EXPORT           Reset_Handler             [WEAK
]
  187 00000000                 IMPORT           SystemInit
  188 00000000                 IMPORT           __main
  189 00000000         
  190 00000000         ; externs for bootloader
  191 00000000                 EXTERN           boot_check_var
  192 00000000                 EXTERN           boot_special_value
  193 00000000                 EXTERN           boot_addr_stm32f4
  194 00000000         
  195 00000000         ; check value to see if we need bootloader
  196 00000000 480D            LDR              R0, =boot_check_var
  197 00000002 6802            LDR              R2, [R0, #0]
  198 00000004 6000            STR              R0, [R0, #0]
  199 00000006 490D            LDR              R1, =boot_special_value
  200 00000008 680B            LDR              R3, [R1, #0]
  201 0000000A 4293            CMP              R3, R2
  202 0000000C D105            BNE              Continue_To_Main
  203 0000000E         
  204 0000000E         ; jump to bootloader at STM32F4 System Memory Boot addre
                       ss 
  205 0000000E 480C            LDR              R0, =boot_addr_stm32f4
  206 00000010 6801            LDR              R1, [R0, #0]
  207 00000012 F8D1 D000       LDR              SP, [R1, #0]
  208 00000016 6848            LDR              R0, [R1, #4]
  209 00000018 4700            BX               R0



ARM Macro Assembler    Page 9 


  210 0000001A         
  211 0000001A BF00    Continue_To_Main
                               NOP
  212 0000001C 4809            LDR              R0, =SystemInit
  213 0000001E 4780            BLX              R0
  214 00000020 4809            LDR              R0, =__main
  215 00000022 4700            BX               R0
  216 00000024                 ENDP
  217 00000024         
  218 00000024         ; Dummy Exception Handlers (infinite loops which can be 
                       modified)
  219 00000024         
  220 00000024         NMI_Handler
                               PROC
  221 00000024                 EXPORT           NMI_Handler                [WEA
K]
  222 00000024 E7FE            B                .
  223 00000026                 ENDP
  225 00000026         HardFault_Handler
                               PROC
  226 00000026                 EXPORT           HardFault_Handler          [WEA
K]
  227 00000026 E7FE            B                .
  228 00000028                 ENDP
  230 00000028         MemManage_Handler
                               PROC
  231 00000028                 EXPORT           MemManage_Handler          [WEA
K]
  232 00000028 E7FE            B                .
  233 0000002A                 ENDP
  235 0000002A         BusFault_Handler
                               PROC
  236 0000002A                 EXPORT           BusFault_Handler           [WEA
K]
  237 0000002A E7FE            B                .
  238 0000002C                 ENDP
  240 0000002C         UsageFault_Handler
                               PROC
  241 0000002C                 EXPORT           UsageFault_Handler         [WEA
K]
  242 0000002C E7FE            B                .
  243 0000002E                 ENDP
  244 0000002E         SVC_Handler
                               PROC
  245 0000002E                 EXPORT           SVC_Handler                [WEA
K]
  246 0000002E E7FE            B                .
  247 00000030                 ENDP
  249 00000030         DebugMon_Handler
                               PROC
  250 00000030                 EXPORT           DebugMon_Handler           [WEA
K]
  251 00000030 E7FE            B                .
  252 00000032                 ENDP
  253 00000032         PendSV_Handler
                               PROC
  254 00000032                 EXPORT           PendSV_Handler             [WEA
K]
  255 00000032 E7FE            B                .



ARM Macro Assembler    Page 10 


  256 00000034                 ENDP
  257 00000034         SysTick_Handler
                               PROC
  258 00000034                 EXPORT           SysTick_Handler            [WEA
K]
  259 00000034 E7FE            B                .
  260 00000036                 ENDP
  261 00000036         
  262 00000036         Default_Handler
                               PROC
  263 00000036         
  264 00000036                 EXPORT           WWDG_IRQHandler                
   [WEAK]
  265 00000036                 EXPORT           PVD_IRQHandler                 
   [WEAK]
  266 00000036                 EXPORT           TAMP_STAMP_IRQHandler          
   [WEAK]
  267 00000036                 EXPORT           RTC_WKUP_IRQHandler            
   [WEAK]
  268 00000036                 EXPORT           FLASH_IRQHandler               
   [WEAK]
  269 00000036                 EXPORT           RCC_IRQHandler                 
   [WEAK]
  270 00000036                 EXPORT           EXTI0_IRQHandler               
   [WEAK]
  271 00000036                 EXPORT           EXTI1_IRQHandler               
   [WEAK]
  272 00000036                 EXPORT           EXTI2_IRQHandler               
   [WEAK]
  273 00000036                 EXPORT           EXTI3_IRQHandler               
   [WEAK]
  274 00000036                 EXPORT           EXTI4_IRQHandler               
   [WEAK]
  275 00000036                 EXPORT           DMA1_Stream0_IRQHandler        
   [WEAK]
  276 00000036                 EXPORT           DMA1_Stream1_IRQHandler        
   [WEAK]
  277 00000036                 EXPORT           DMA1_Stream2_IRQHandler        
   [WEAK]
  278 00000036                 EXPORT           DMA1_Stream3_IRQHandler        
   [WEAK]
  279 00000036                 EXPORT           DMA1_Stream4_IRQHandler        
   [WEAK]
  280 00000036                 EXPORT           DMA1_Stream5_IRQHandler        
   [WEAK]
  281 00000036                 EXPORT           DMA1_Stream6_IRQHandler        
   [WEAK]
  282 00000036                 EXPORT           ADC_IRQHandler                 
   [WEAK]
  283 00000036                 EXPORT           CAN1_TX_IRQHandler             
   [WEAK]
  284 00000036                 EXPORT           CAN1_RX0_IRQHandler            
   [WEAK]
  285 00000036                 EXPORT           CAN1_RX1_IRQHandler            
   [WEAK]
  286 00000036                 EXPORT           CAN1_SCE_IRQHandler            
   [WEAK]
  287 00000036                 EXPORT           EXTI9_5_IRQHandler             
   [WEAK]



ARM Macro Assembler    Page 11 


  288 00000036                 EXPORT           TIM1_BRK_TIM9_IRQHandler       
   [WEAK]
  289 00000036                 EXPORT           TIM1_UP_TIM10_IRQHandler       
   [WEAK]
  290 00000036                 EXPORT           TIM1_TRG_COM_TIM11_IRQHandler  
   [WEAK]
  291 00000036                 EXPORT           TIM1_CC_IRQHandler             
   [WEAK]
  292 00000036                 EXPORT           TIM2_IRQHandler                
   [WEAK]
  293 00000036                 EXPORT           TIM3_IRQHandler                
   [WEAK]
  294 00000036                 EXPORT           TIM4_IRQHandler                
   [WEAK]
  295 00000036                 EXPORT           I2C1_EV_IRQHandler             
   [WEAK]
  296 00000036                 EXPORT           I2C1_ER_IRQHandler             
   [WEAK]
  297 00000036                 EXPORT           I2C2_EV_IRQHandler             
   [WEAK]
  298 00000036                 EXPORT           I2C2_ER_IRQHandler             
   [WEAK]
  299 00000036                 EXPORT           SPI1_IRQHandler                
   [WEAK]
  300 00000036                 EXPORT           SPI2_IRQHandler                
   [WEAK]
  301 00000036                 EXPORT           USART1_IRQHandler              
   [WEAK]
  302 00000036                 EXPORT           USART2_IRQHandler              
   [WEAK]
  303 00000036                 EXPORT           USART3_IRQHandler              
   [WEAK]
  304 00000036                 EXPORT           EXTI15_10_IRQHandler           
   [WEAK]
  305 00000036                 EXPORT           RTC_Alarm_IRQHandler           
   [WEAK]
  306 00000036                 EXPORT           OTG_FS_WKUP_IRQHandler         
   [WEAK]
  307 00000036                 EXPORT           TIM8_BRK_TIM12_IRQHandler      
   [WEAK]
  308 00000036                 EXPORT           TIM8_UP_TIM13_IRQHandler       
   [WEAK]
  309 00000036                 EXPORT           TIM8_TRG_COM_TIM14_IRQHandler  
   [WEAK]
  310 00000036                 EXPORT           TIM8_CC_IRQHandler             
   [WEAK]
  311 00000036                 EXPORT           DMA1_Stream7_IRQHandler        
   [WEAK]
  312 00000036                 EXPORT           FMC_IRQHandler                 
   [WEAK]
  313 00000036                 EXPORT           SDIO_IRQHandler                
   [WEAK]
  314 00000036                 EXPORT           TIM5_IRQHandler                
   [WEAK]
  315 00000036                 EXPORT           SPI3_IRQHandler                
   [WEAK]
  316 00000036                 EXPORT           UART4_IRQHandler               
   [WEAK]
  317 00000036                 EXPORT           UART5_IRQHandler               



ARM Macro Assembler    Page 12 


   [WEAK]
  318 00000036                 EXPORT           TIM6_DAC_IRQHandler            
   [WEAK]
  319 00000036                 EXPORT           TIM7_IRQHandler                
   [WEAK]
  320 00000036                 EXPORT           DMA2_Stream0_IRQHandler        
   [WEAK]
  321 00000036                 EXPORT           DMA2_Stream1_IRQHandler        
   [WEAK]
  322 00000036                 EXPORT           DMA2_Stream2_IRQHandler        
   [WEAK]
  323 00000036                 EXPORT           DMA2_Stream3_IRQHandler        
   [WEAK]
  324 00000036                 EXPORT           DMA2_Stream4_IRQHandler        
   [WEAK]
  325 00000036                 EXPORT           ETH_IRQHandler                 
   [WEAK]
  326 00000036                 EXPORT           ETH_WKUP_IRQHandler            
   [WEAK]
  327 00000036                 EXPORT           CAN2_TX_IRQHandler             
   [WEAK]
  328 00000036                 EXPORT           CAN2_RX0_IRQHandler            
   [WEAK]
  329 00000036                 EXPORT           CAN2_RX1_IRQHandler            
   [WEAK]
  330 00000036                 EXPORT           CAN2_SCE_IRQHandler            
   [WEAK]
  331 00000036                 EXPORT           OTG_FS_IRQHandler              
   [WEAK]
  332 00000036                 EXPORT           DMA2_Stream5_IRQHandler        
   [WEAK]
  333 00000036                 EXPORT           DMA2_Stream6_IRQHandler        
   [WEAK]
  334 00000036                 EXPORT           DMA2_Stream7_IRQHandler        
   [WEAK]
  335 00000036                 EXPORT           USART6_IRQHandler              
   [WEAK]
  336 00000036                 EXPORT           I2C3_EV_IRQHandler             
   [WEAK]
  337 00000036                 EXPORT           I2C3_ER_IRQHandler             
   [WEAK]
  338 00000036                 EXPORT           OTG_HS_EP1_OUT_IRQHandler      
   [WEAK]
  339 00000036                 EXPORT           OTG_HS_EP1_IN_IRQHandler       
   [WEAK]
  340 00000036                 EXPORT           OTG_HS_WKUP_IRQHandler         
   [WEAK]
  341 00000036                 EXPORT           OTG_HS_IRQHandler              
   [WEAK]
  342 00000036                 EXPORT           DCMI_IRQHandler                
   [WEAK]
  343 00000036                 EXPORT           HASH_RNG_IRQHandler            
   [WEAK]
  344 00000036                 EXPORT           FPU_IRQHandler                 
   [WEAK]
  345 00000036         
  346 00000036         WWDG_IRQHandler
  347 00000036         PVD_IRQHandler
  348 00000036         TAMP_STAMP_IRQHandler



ARM Macro Assembler    Page 13 


  349 00000036         RTC_WKUP_IRQHandler
  350 00000036         FLASH_IRQHandler
  351 00000036         RCC_IRQHandler
  352 00000036         EXTI0_IRQHandler
  353 00000036         EXTI1_IRQHandler
  354 00000036         EXTI2_IRQHandler
  355 00000036         EXTI3_IRQHandler
  356 00000036         EXTI4_IRQHandler
  357 00000036         DMA1_Stream0_IRQHandler
  358 00000036         DMA1_Stream1_IRQHandler
  359 00000036         DMA1_Stream2_IRQHandler
  360 00000036         DMA1_Stream3_IRQHandler
  361 00000036         DMA1_Stream4_IRQHandler
  362 00000036         DMA1_Stream5_IRQHandler
  363 00000036         DMA1_Stream6_IRQHandler
  364 00000036         ADC_IRQHandler
  365 00000036         CAN1_TX_IRQHandler
  366 00000036         CAN1_RX0_IRQHandler
  367 00000036         CAN1_RX1_IRQHandler
  368 00000036         CAN1_SCE_IRQHandler
  369 00000036         EXTI9_5_IRQHandler
  370 00000036         TIM1_BRK_TIM9_IRQHandler
  371 00000036         TIM1_UP_TIM10_IRQHandler
  372 00000036         TIM1_TRG_COM_TIM11_IRQHandler
  373 00000036         TIM1_CC_IRQHandler
  374 00000036         TIM2_IRQHandler
  375 00000036         TIM3_IRQHandler
  376 00000036         TIM4_IRQHandler
  377 00000036         I2C1_EV_IRQHandler
  378 00000036         I2C1_ER_IRQHandler
  379 00000036         I2C2_EV_IRQHandler
  380 00000036         I2C2_ER_IRQHandler
  381 00000036         SPI1_IRQHandler
  382 00000036         SPI2_IRQHandler
  383 00000036         USART1_IRQHandler
  384 00000036         USART2_IRQHandler
  385 00000036         USART3_IRQHandler
  386 00000036         EXTI15_10_IRQHandler
  387 00000036         RTC_Alarm_IRQHandler
  388 00000036         OTG_FS_WKUP_IRQHandler
  389 00000036         TIM8_BRK_TIM12_IRQHandler
  390 00000036         TIM8_UP_TIM13_IRQHandler
  391 00000036         TIM8_TRG_COM_TIM14_IRQHandler
  392 00000036         TIM8_CC_IRQHandler
  393 00000036         DMA1_Stream7_IRQHandler
  394 00000036         FMC_IRQHandler
  395 00000036         SDIO_IRQHandler
  396 00000036         TIM5_IRQHandler
  397 00000036         SPI3_IRQHandler
  398 00000036         UART4_IRQHandler
  399 00000036         UART5_IRQHandler
  400 00000036         TIM6_DAC_IRQHandler
  401 00000036         TIM7_IRQHandler
  402 00000036         DMA2_Stream0_IRQHandler
  403 00000036         DMA2_Stream1_IRQHandler
  404 00000036         DMA2_Stream2_IRQHandler
  405 00000036         DMA2_Stream3_IRQHandler
  406 00000036         DMA2_Stream4_IRQHandler
  407 00000036         ETH_IRQHandler



ARM Macro Assembler    Page 14 


  408 00000036         ETH_WKUP_IRQHandler
  409 00000036         CAN2_TX_IRQHandler
  410 00000036         CAN2_RX0_IRQHandler
  411 00000036         CAN2_RX1_IRQHandler
  412 00000036         CAN2_SCE_IRQHandler
  413 00000036         OTG_FS_IRQHandler
  414 00000036         DMA2_Stream5_IRQHandler
  415 00000036         DMA2_Stream6_IRQHandler
  416 00000036         DMA2_Stream7_IRQHandler
  417 00000036         USART6_IRQHandler
  418 00000036         I2C3_EV_IRQHandler
  419 00000036         I2C3_ER_IRQHandler
  420 00000036         OTG_HS_EP1_OUT_IRQHandler
  421 00000036         OTG_HS_EP1_IN_IRQHandler
  422 00000036         OTG_HS_WKUP_IRQHandler
  423 00000036         OTG_HS_IRQHandler
  424 00000036         DCMI_IRQHandler
  425 00000036         HASH_RNG_IRQHandler
  426 00000036         FPU_IRQHandler
  427 00000036         
  428 00000036 E7FE            B                .
  429 00000038         
  430 00000038                 ENDP
  431 00000038         
  432 00000038                 ALIGN
  433 00000038         
  434 00000038         ;*******************************************************
                       ************************
  435 00000038         ; User Stack and Heap initialization
  436 00000038         ;*******************************************************
                       ************************
  437 00000038                 IF               :DEF:__MICROLIB
  438 00000038         
  439 00000038                 EXPORT           __initial_sp
  440 00000038                 EXPORT           __heap_base
  441 00000038                 EXPORT           __heap_limit
  442 00000038         
  443 00000038                 ELSE
  458                          ENDIF
  459 00000038         
  460 00000038                 END
              00000000 
              00000000 
              00000000 
              00000000 
              00000000 
Command Line: --debug --xref --cpu=Cortex-M4.fp --apcs=interwork --depend=stm32
f4_dfu_demo\startup_stm32f407xx.d -ostm32f4_dfu_demo\startup_stm32f407xx.o -IC:
\MyProjects\MyDemoProjects\STM32F4_DFU_Demo\MDK-ARM\RTE -IC:\Keil_v5\ARM\PACK\A
RM\CMSIS\4.2.0\CMSIS\Include -IC:\Keil_v5\ARM\PACK\Keil\STM32F4xx_DFP\2.3.0\Dri
vers\CMSIS\Device\ST\STM32F4xx\Include --predefine="__MICROLIB SETA 1" --predef
ine="_RTE_ SETA 1" --predefine="STM32F407xx SETA 1" --list=startup_stm32f407xx.
lst startup_stm32f407xx.s



ARM Macro Assembler    Page 1 Alphabetic symbol ordering
Relocatable symbols

STACK 00000000

Symbol: STACK
   Definitions
      At line 50 in file startup_stm32f407xx.s
   Uses
      None
Comment: STACK unused
Stack_Mem 00000000

Symbol: Stack_Mem
   Definitions
      At line 51 in file startup_stm32f407xx.s
   Uses
      None
Comment: Stack_Mem unused
__initial_sp 00000400

Symbol: __initial_sp
   Definitions
      At line 52 in file startup_stm32f407xx.s
   Uses
      At line 76 in file startup_stm32f407xx.s
      At line 439 in file startup_stm32f407xx.s

3 symbols



ARM Macro Assembler    Page 1 Alphabetic symbol ordering
Relocatable symbols

HEAP 00000000

Symbol: HEAP
   Definitions
      At line 61 in file startup_stm32f407xx.s
   Uses
      None
Comment: HEAP unused
Heap_Mem 00000000

Symbol: Heap_Mem
   Definitions
      At line 63 in file startup_stm32f407xx.s
   Uses
      None
Comment: Heap_Mem unused
__heap_base 00000000

Symbol: __heap_base
   Definitions
      At line 62 in file startup_stm32f407xx.s
   Uses
      At line 440 in file startup_stm32f407xx.s
Comment: __heap_base used once
__heap_limit 00000200

Symbol: __heap_limit
   Definitions
      At line 64 in file startup_stm32f407xx.s
   Uses
      At line 441 in file startup_stm32f407xx.s
Comment: __heap_limit used once
4 symbols



ARM Macro Assembler    Page 1 Alphabetic symbol ordering
Relocatable symbols

RESET 00000000

Symbol: RESET
   Definitions
      At line 71 in file startup_stm32f407xx.s
   Uses
      None
Comment: RESET unused
__Vectors 00000000

Symbol: __Vectors
   Definitions
      At line 76 in file startup_stm32f407xx.s
   Uses
      At line 72 in file startup_stm32f407xx.s
      At line 180 in file startup_stm32f407xx.s

__Vectors_End 00000188

Symbol: __Vectors_End
   Definitions
      At line 178 in file startup_stm32f407xx.s
   Uses
      At line 73 in file startup_stm32f407xx.s
      At line 180 in file startup_stm32f407xx.s

3 symbols



ARM Macro Assembler    Page 1 Alphabetic symbol ordering
Relocatable symbols

.text 00000000

Symbol: .text
   Definitions
      At line 182 in file startup_stm32f407xx.s
   Uses
      None
Comment: .text unused
ADC_IRQHandler 00000036

Symbol: ADC_IRQHandler
   Definitions
      At line 364 in file startup_stm32f407xx.s
   Uses
      At line 112 in file startup_stm32f407xx.s
      At line 282 in file startup_stm32f407xx.s

BusFault_Handler 0000002A

Symbol: BusFault_Handler
   Definitions
      At line 235 in file startup_stm32f407xx.s
   Uses
      At line 81 in file startup_stm32f407xx.s
      At line 236 in file startup_stm32f407xx.s

CAN1_RX0_IRQHandler 00000036

Symbol: CAN1_RX0_IRQHandler
   Definitions
      At line 366 in file startup_stm32f407xx.s
   Uses
      At line 114 in file startup_stm32f407xx.s
      At line 284 in file startup_stm32f407xx.s

CAN1_RX1_IRQHandler 00000036

Symbol: CAN1_RX1_IRQHandler
   Definitions
      At line 367 in file startup_stm32f407xx.s
   Uses
      At line 115 in file startup_stm32f407xx.s
      At line 285 in file startup_stm32f407xx.s

CAN1_SCE_IRQHandler 00000036

Symbol: CAN1_SCE_IRQHandler
   Definitions
      At line 368 in file startup_stm32f407xx.s
   Uses
      At line 116 in file startup_stm32f407xx.s
      At line 286 in file startup_stm32f407xx.s

CAN1_TX_IRQHandler 00000036

Symbol: CAN1_TX_IRQHandler
   Definitions
      At line 365 in file startup_stm32f407xx.s
   Uses



ARM Macro Assembler    Page 2 Alphabetic symbol ordering
Relocatable symbols

      At line 113 in file startup_stm32f407xx.s
      At line 283 in file startup_stm32f407xx.s

CAN2_RX0_IRQHandler 00000036

Symbol: CAN2_RX0_IRQHandler
   Definitions
      At line 410 in file startup_stm32f407xx.s
   Uses
      At line 158 in file startup_stm32f407xx.s
      At line 328 in file startup_stm32f407xx.s

CAN2_RX1_IRQHandler 00000036

Symbol: CAN2_RX1_IRQHandler
   Definitions
      At line 411 in file startup_stm32f407xx.s
   Uses
      At line 159 in file startup_stm32f407xx.s
      At line 329 in file startup_stm32f407xx.s

CAN2_SCE_IRQHandler 00000036

Symbol: CAN2_SCE_IRQHandler
   Definitions
      At line 412 in file startup_stm32f407xx.s
   Uses
      At line 160 in file startup_stm32f407xx.s
      At line 330 in file startup_stm32f407xx.s

CAN2_TX_IRQHandler 00000036

Symbol: CAN2_TX_IRQHandler
   Definitions
      At line 409 in file startup_stm32f407xx.s
   Uses
      At line 157 in file startup_stm32f407xx.s
      At line 327 in file startup_stm32f407xx.s

Continue_To_Main 0000001A

Symbol: Continue_To_Main
   Definitions
      At line 211 in file startup_stm32f407xx.s
   Uses
      At line 202 in file startup_stm32f407xx.s
Comment: Continue_To_Main used once
DCMI_IRQHandler 00000036

Symbol: DCMI_IRQHandler
   Definitions
      At line 424 in file startup_stm32f407xx.s
   Uses
      At line 172 in file startup_stm32f407xx.s
      At line 342 in file startup_stm32f407xx.s

DMA1_Stream0_IRQHandler 00000036

Symbol: DMA1_Stream0_IRQHandler



ARM Macro Assembler    Page 3 Alphabetic symbol ordering
Relocatable symbols

   Definitions
      At line 357 in file startup_stm32f407xx.s
   Uses
      At line 105 in file startup_stm32f407xx.s
      At line 275 in file startup_stm32f407xx.s

DMA1_Stream1_IRQHandler 00000036

Symbol: DMA1_Stream1_IRQHandler
   Definitions
      At line 358 in file startup_stm32f407xx.s
   Uses
      At line 106 in file startup_stm32f407xx.s
      At line 276 in file startup_stm32f407xx.s

DMA1_Stream2_IRQHandler 00000036

Symbol: DMA1_Stream2_IRQHandler
   Definitions
      At line 359 in file startup_stm32f407xx.s
   Uses
      At line 107 in file startup_stm32f407xx.s
      At line 277 in file startup_stm32f407xx.s

DMA1_Stream3_IRQHandler 00000036

Symbol: DMA1_Stream3_IRQHandler
   Definitions
      At line 360 in file startup_stm32f407xx.s
   Uses
      At line 108 in file startup_stm32f407xx.s
      At line 278 in file startup_stm32f407xx.s

DMA1_Stream4_IRQHandler 00000036

Symbol: DMA1_Stream4_IRQHandler
   Definitions
      At line 361 in file startup_stm32f407xx.s
   Uses
      At line 109 in file startup_stm32f407xx.s
      At line 279 in file startup_stm32f407xx.s

DMA1_Stream5_IRQHandler 00000036

Symbol: DMA1_Stream5_IRQHandler
   Definitions
      At line 362 in file startup_stm32f407xx.s
   Uses
      At line 110 in file startup_stm32f407xx.s
      At line 280 in file startup_stm32f407xx.s

DMA1_Stream6_IRQHandler 00000036

Symbol: DMA1_Stream6_IRQHandler
   Definitions
      At line 363 in file startup_stm32f407xx.s
   Uses
      At line 111 in file startup_stm32f407xx.s
      At line 281 in file startup_stm32f407xx.s



ARM Macro Assembler    Page 4 Alphabetic symbol ordering
Relocatable symbols


DMA1_Stream7_IRQHandler 00000036

Symbol: DMA1_Stream7_IRQHandler
   Definitions
      At line 393 in file startup_stm32f407xx.s
   Uses
      At line 141 in file startup_stm32f407xx.s
      At line 311 in file startup_stm32f407xx.s

DMA2_Stream0_IRQHandler 00000036

Symbol: DMA2_Stream0_IRQHandler
   Definitions
      At line 402 in file startup_stm32f407xx.s
   Uses
      At line 150 in file startup_stm32f407xx.s
      At line 320 in file startup_stm32f407xx.s

DMA2_Stream1_IRQHandler 00000036

Symbol: DMA2_Stream1_IRQHandler
   Definitions
      At line 403 in file startup_stm32f407xx.s
   Uses
      At line 151 in file startup_stm32f407xx.s
      At line 321 in file startup_stm32f407xx.s

DMA2_Stream2_IRQHandler 00000036

Symbol: DMA2_Stream2_IRQHandler
   Definitions
      At line 404 in file startup_stm32f407xx.s
   Uses
      At line 152 in file startup_stm32f407xx.s
      At line 322 in file startup_stm32f407xx.s

DMA2_Stream3_IRQHandler 00000036

Symbol: DMA2_Stream3_IRQHandler
   Definitions
      At line 405 in file startup_stm32f407xx.s
   Uses
      At line 153 in file startup_stm32f407xx.s
      At line 323 in file startup_stm32f407xx.s

DMA2_Stream4_IRQHandler 00000036

Symbol: DMA2_Stream4_IRQHandler
   Definitions
      At line 406 in file startup_stm32f407xx.s
   Uses
      At line 154 in file startup_stm32f407xx.s
      At line 324 in file startup_stm32f407xx.s

DMA2_Stream5_IRQHandler 00000036

Symbol: DMA2_Stream5_IRQHandler
   Definitions



ARM Macro Assembler    Page 5 Alphabetic symbol ordering
Relocatable symbols

      At line 414 in file startup_stm32f407xx.s
   Uses
      At line 162 in file startup_stm32f407xx.s
      At line 332 in file startup_stm32f407xx.s

DMA2_Stream6_IRQHandler 00000036

Symbol: DMA2_Stream6_IRQHandler
   Definitions
      At line 415 in file startup_stm32f407xx.s
   Uses
      At line 163 in file startup_stm32f407xx.s
      At line 333 in file startup_stm32f407xx.s

DMA2_Stream7_IRQHandler 00000036

Symbol: DMA2_Stream7_IRQHandler
   Definitions
      At line 416 in file startup_stm32f407xx.s
   Uses
      At line 164 in file startup_stm32f407xx.s
      At line 334 in file startup_stm32f407xx.s

DebugMon_Handler 00000030

Symbol: DebugMon_Handler
   Definitions
      At line 249 in file startup_stm32f407xx.s
   Uses
      At line 88 in file startup_stm32f407xx.s
      At line 250 in file startup_stm32f407xx.s

Default_Handler 00000036

Symbol: Default_Handler
   Definitions
      At line 262 in file startup_stm32f407xx.s
   Uses
      None
Comment: Default_Handler unused
ETH_IRQHandler 00000036

Symbol: ETH_IRQHandler
   Definitions
      At line 407 in file startup_stm32f407xx.s
   Uses
      At line 155 in file startup_stm32f407xx.s
      At line 325 in file startup_stm32f407xx.s

ETH_WKUP_IRQHandler 00000036

Symbol: ETH_WKUP_IRQHandler
   Definitions
      At line 408 in file startup_stm32f407xx.s
   Uses
      At line 156 in file startup_stm32f407xx.s
      At line 326 in file startup_stm32f407xx.s

EXTI0_IRQHandler 00000036



ARM Macro Assembler    Page 6 Alphabetic symbol ordering
Relocatable symbols


Symbol: EXTI0_IRQHandler
   Definitions
      At line 352 in file startup_stm32f407xx.s
   Uses
      At line 100 in file startup_stm32f407xx.s
      At line 270 in file startup_stm32f407xx.s

EXTI15_10_IRQHandler 00000036

Symbol: EXTI15_10_IRQHandler
   Definitions
      At line 386 in file startup_stm32f407xx.s
   Uses
      At line 134 in file startup_stm32f407xx.s
      At line 304 in file startup_stm32f407xx.s

EXTI1_IRQHandler 00000036

Symbol: EXTI1_IRQHandler
   Definitions
      At line 353 in file startup_stm32f407xx.s
   Uses
      At line 101 in file startup_stm32f407xx.s
      At line 271 in file startup_stm32f407xx.s

EXTI2_IRQHandler 00000036

Symbol: EXTI2_IRQHandler
   Definitions
      At line 354 in file startup_stm32f407xx.s
   Uses
      At line 102 in file startup_stm32f407xx.s
      At line 272 in file startup_stm32f407xx.s

EXTI3_IRQHandler 00000036

Symbol: EXTI3_IRQHandler
   Definitions
      At line 355 in file startup_stm32f407xx.s
   Uses
      At line 103 in file startup_stm32f407xx.s
      At line 273 in file startup_stm32f407xx.s

EXTI4_IRQHandler 00000036

Symbol: EXTI4_IRQHandler
   Definitions
      At line 356 in file startup_stm32f407xx.s
   Uses
      At line 104 in file startup_stm32f407xx.s
      At line 274 in file startup_stm32f407xx.s

EXTI9_5_IRQHandler 00000036

Symbol: EXTI9_5_IRQHandler
   Definitions
      At line 369 in file startup_stm32f407xx.s
   Uses



ARM Macro Assembler    Page 7 Alphabetic symbol ordering
Relocatable symbols

      At line 117 in file startup_stm32f407xx.s
      At line 287 in file startup_stm32f407xx.s

FLASH_IRQHandler 00000036

Symbol: FLASH_IRQHandler
   Definitions
      At line 350 in file startup_stm32f407xx.s
   Uses
      At line 98 in file startup_stm32f407xx.s
      At line 268 in file startup_stm32f407xx.s

FMC_IRQHandler 00000036

Symbol: FMC_IRQHandler
   Definitions
      At line 394 in file startup_stm32f407xx.s
   Uses
      At line 142 in file startup_stm32f407xx.s
      At line 312 in file startup_stm32f407xx.s

FPU_IRQHandler 00000036

Symbol: FPU_IRQHandler
   Definitions
      At line 426 in file startup_stm32f407xx.s
   Uses
      At line 175 in file startup_stm32f407xx.s
      At line 344 in file startup_stm32f407xx.s

HASH_RNG_IRQHandler 00000036

Symbol: HASH_RNG_IRQHandler
   Definitions
      At line 425 in file startup_stm32f407xx.s
   Uses
      At line 174 in file startup_stm32f407xx.s
      At line 343 in file startup_stm32f407xx.s

HardFault_Handler 00000026

Symbol: HardFault_Handler
   Definitions
      At line 225 in file startup_stm32f407xx.s
   Uses
      At line 79 in file startup_stm32f407xx.s
      At line 226 in file startup_stm32f407xx.s

I2C1_ER_IRQHandler 00000036

Symbol: I2C1_ER_IRQHandler
   Definitions
      At line 378 in file startup_stm32f407xx.s
   Uses
      At line 126 in file startup_stm32f407xx.s
      At line 296 in file startup_stm32f407xx.s

I2C1_EV_IRQHandler 00000036




ARM Macro Assembler    Page 8 Alphabetic symbol ordering
Relocatable symbols

Symbol: I2C1_EV_IRQHandler
   Definitions
      At line 377 in file startup_stm32f407xx.s
   Uses
      At line 125 in file startup_stm32f407xx.s
      At line 295 in file startup_stm32f407xx.s

I2C2_ER_IRQHandler 00000036

Symbol: I2C2_ER_IRQHandler
   Definitions
      At line 380 in file startup_stm32f407xx.s
   Uses
      At line 128 in file startup_stm32f407xx.s
      At line 298 in file startup_stm32f407xx.s

I2C2_EV_IRQHandler 00000036

Symbol: I2C2_EV_IRQHandler
   Definitions
      At line 379 in file startup_stm32f407xx.s
   Uses
      At line 127 in file startup_stm32f407xx.s
      At line 297 in file startup_stm32f407xx.s

I2C3_ER_IRQHandler 00000036

Symbol: I2C3_ER_IRQHandler
   Definitions
      At line 419 in file startup_stm32f407xx.s
   Uses
      At line 167 in file startup_stm32f407xx.s
      At line 337 in file startup_stm32f407xx.s

I2C3_EV_IRQHandler 00000036

Symbol: I2C3_EV_IRQHandler
   Definitions
      At line 418 in file startup_stm32f407xx.s
   Uses
      At line 166 in file startup_stm32f407xx.s
      At line 336 in file startup_stm32f407xx.s

MemManage_Handler 00000028

Symbol: MemManage_Handler
   Definitions
      At line 230 in file startup_stm32f407xx.s
   Uses
      At line 80 in file startup_stm32f407xx.s
      At line 231 in file startup_stm32f407xx.s

NMI_Handler 00000024

Symbol: NMI_Handler
   Definitions
      At line 220 in file startup_stm32f407xx.s
   Uses
      At line 78 in file startup_stm32f407xx.s



ARM Macro Assembler    Page 9 Alphabetic symbol ordering
Relocatable symbols

      At line 221 in file startup_stm32f407xx.s

OTG_FS_IRQHandler 00000036

Symbol: OTG_FS_IRQHandler
   Definitions
      At line 413 in file startup_stm32f407xx.s
   Uses
      At line 161 in file startup_stm32f407xx.s
      At line 331 in file startup_stm32f407xx.s

OTG_FS_WKUP_IRQHandler 00000036

Symbol: OTG_FS_WKUP_IRQHandler
   Definitions
      At line 388 in file startup_stm32f407xx.s
   Uses
      At line 136 in file startup_stm32f407xx.s
      At line 306 in file startup_stm32f407xx.s

OTG_HS_EP1_IN_IRQHandler 00000036

Symbol: OTG_HS_EP1_IN_IRQHandler
   Definitions
      At line 421 in file startup_stm32f407xx.s
   Uses
      At line 169 in file startup_stm32f407xx.s
      At line 339 in file startup_stm32f407xx.s

OTG_HS_EP1_OUT_IRQHandler 00000036

Symbol: OTG_HS_EP1_OUT_IRQHandler
   Definitions
      At line 420 in file startup_stm32f407xx.s
   Uses
      At line 168 in file startup_stm32f407xx.s
      At line 338 in file startup_stm32f407xx.s

OTG_HS_IRQHandler 00000036

Symbol: OTG_HS_IRQHandler
   Definitions
      At line 423 in file startup_stm32f407xx.s
   Uses
      At line 171 in file startup_stm32f407xx.s
      At line 341 in file startup_stm32f407xx.s

OTG_HS_WKUP_IRQHandler 00000036

Symbol: OTG_HS_WKUP_IRQHandler
   Definitions
      At line 422 in file startup_stm32f407xx.s
   Uses
      At line 170 in file startup_stm32f407xx.s
      At line 340 in file startup_stm32f407xx.s

PVD_IRQHandler 00000036

Symbol: PVD_IRQHandler



ARM Macro Assembler    Page 10 Alphabetic symbol ordering
Relocatable symbols

   Definitions
      At line 347 in file startup_stm32f407xx.s
   Uses
      At line 95 in file startup_stm32f407xx.s
      At line 265 in file startup_stm32f407xx.s

PendSV_Handler 00000032

Symbol: PendSV_Handler
   Definitions
      At line 253 in file startup_stm32f407xx.s
   Uses
      At line 90 in file startup_stm32f407xx.s
      At line 254 in file startup_stm32f407xx.s

RCC_IRQHandler 00000036

Symbol: RCC_IRQHandler
   Definitions
      At line 351 in file startup_stm32f407xx.s
   Uses
      At line 99 in file startup_stm32f407xx.s
      At line 269 in file startup_stm32f407xx.s

RTC_Alarm_IRQHandler 00000036

Symbol: RTC_Alarm_IRQHandler
   Definitions
      At line 387 in file startup_stm32f407xx.s
   Uses
      At line 135 in file startup_stm32f407xx.s
      At line 305 in file startup_stm32f407xx.s

RTC_WKUP_IRQHandler 00000036

Symbol: RTC_WKUP_IRQHandler
   Definitions
      At line 349 in file startup_stm32f407xx.s
   Uses
      At line 97 in file startup_stm32f407xx.s
      At line 267 in file startup_stm32f407xx.s

Reset_Handler 00000000

Symbol: Reset_Handler
   Definitions
      At line 185 in file startup_stm32f407xx.s
   Uses
      At line 77 in file startup_stm32f407xx.s
      At line 186 in file startup_stm32f407xx.s

SDIO_IRQHandler 00000036

Symbol: SDIO_IRQHandler
   Definitions
      At line 395 in file startup_stm32f407xx.s
   Uses
      At line 143 in file startup_stm32f407xx.s
      At line 313 in file startup_stm32f407xx.s



ARM Macro Assembler    Page 11 Alphabetic symbol ordering
Relocatable symbols


SPI1_IRQHandler 00000036

Symbol: SPI1_IRQHandler
   Definitions
      At line 381 in file startup_stm32f407xx.s
   Uses
      At line 129 in file startup_stm32f407xx.s
      At line 299 in file startup_stm32f407xx.s

SPI2_IRQHandler 00000036

Symbol: SPI2_IRQHandler
   Definitions
      At line 382 in file startup_stm32f407xx.s
   Uses
      At line 130 in file startup_stm32f407xx.s
      At line 300 in file startup_stm32f407xx.s

SPI3_IRQHandler 00000036

Symbol: SPI3_IRQHandler
   Definitions
      At line 397 in file startup_stm32f407xx.s
   Uses
      At line 145 in file startup_stm32f407xx.s
      At line 315 in file startup_stm32f407xx.s

SVC_Handler 0000002E

Symbol: SVC_Handler
   Definitions
      At line 244 in file startup_stm32f407xx.s
   Uses
      At line 87 in file startup_stm32f407xx.s
      At line 245 in file startup_stm32f407xx.s

SysTick_Handler 00000034

Symbol: SysTick_Handler
   Definitions
      At line 257 in file startup_stm32f407xx.s
   Uses
      At line 91 in file startup_stm32f407xx.s
      At line 258 in file startup_stm32f407xx.s

TAMP_STAMP_IRQHandler 00000036

Symbol: TAMP_STAMP_IRQHandler
   Definitions
      At line 348 in file startup_stm32f407xx.s
   Uses
      At line 96 in file startup_stm32f407xx.s
      At line 266 in file startup_stm32f407xx.s

TIM1_BRK_TIM9_IRQHandler 00000036

Symbol: TIM1_BRK_TIM9_IRQHandler
   Definitions



ARM Macro Assembler    Page 12 Alphabetic symbol ordering
Relocatable symbols

      At line 370 in file startup_stm32f407xx.s
   Uses
      At line 118 in file startup_stm32f407xx.s
      At line 288 in file startup_stm32f407xx.s

TIM1_CC_IRQHandler 00000036

Symbol: TIM1_CC_IRQHandler
   Definitions
      At line 373 in file startup_stm32f407xx.s
   Uses
      At line 121 in file startup_stm32f407xx.s
      At line 291 in file startup_stm32f407xx.s

TIM1_TRG_COM_TIM11_IRQHandler 00000036

Symbol: TIM1_TRG_COM_TIM11_IRQHandler
   Definitions
      At line 372 in file startup_stm32f407xx.s
   Uses
      At line 120 in file startup_stm32f407xx.s
      At line 290 in file startup_stm32f407xx.s

TIM1_UP_TIM10_IRQHandler 00000036

Symbol: TIM1_UP_TIM10_IRQHandler
   Definitions
      At line 371 in file startup_stm32f407xx.s
   Uses
      At line 119 in file startup_stm32f407xx.s
      At line 289 in file startup_stm32f407xx.s

TIM2_IRQHandler 00000036

Symbol: TIM2_IRQHandler
   Definitions
      At line 374 in file startup_stm32f407xx.s
   Uses
      At line 122 in file startup_stm32f407xx.s
      At line 292 in file startup_stm32f407xx.s

TIM3_IRQHandler 00000036

Symbol: TIM3_IRQHandler
   Definitions
      At line 375 in file startup_stm32f407xx.s
   Uses
      At line 123 in file startup_stm32f407xx.s
      At line 293 in file startup_stm32f407xx.s

TIM4_IRQHandler 00000036

Symbol: TIM4_IRQHandler
   Definitions
      At line 376 in file startup_stm32f407xx.s
   Uses
      At line 124 in file startup_stm32f407xx.s
      At line 294 in file startup_stm32f407xx.s




ARM Macro Assembler    Page 13 Alphabetic symbol ordering
Relocatable symbols

TIM5_IRQHandler 00000036

Symbol: TIM5_IRQHandler
   Definitions
      At line 396 in file startup_stm32f407xx.s
   Uses
      At line 144 in file startup_stm32f407xx.s
      At line 314 in file startup_stm32f407xx.s

TIM6_DAC_IRQHandler 00000036

Symbol: TIM6_DAC_IRQHandler
   Definitions
      At line 400 in file startup_stm32f407xx.s
   Uses
      At line 148 in file startup_stm32f407xx.s
      At line 318 in file startup_stm32f407xx.s

TIM7_IRQHandler 00000036

Symbol: TIM7_IRQHandler
   Definitions
      At line 401 in file startup_stm32f407xx.s
   Uses
      At line 149 in file startup_stm32f407xx.s
      At line 319 in file startup_stm32f407xx.s

TIM8_BRK_TIM12_IRQHandler 00000036

Symbol: TIM8_BRK_TIM12_IRQHandler
   Definitions
      At line 389 in file startup_stm32f407xx.s
   Uses
      At line 137 in file startup_stm32f407xx.s
      At line 307 in file startup_stm32f407xx.s

TIM8_CC_IRQHandler 00000036

Symbol: TIM8_CC_IRQHandler
   Definitions
      At line 392 in file startup_stm32f407xx.s
   Uses
      At line 140 in file startup_stm32f407xx.s
      At line 310 in file startup_stm32f407xx.s

TIM8_TRG_COM_TIM14_IRQHandler 00000036

Symbol: TIM8_TRG_COM_TIM14_IRQHandler
   Definitions
      At line 391 in file startup_stm32f407xx.s
   Uses
      At line 139 in file startup_stm32f407xx.s
      At line 309 in file startup_stm32f407xx.s

TIM8_UP_TIM13_IRQHandler 00000036

Symbol: TIM8_UP_TIM13_IRQHandler
   Definitions
      At line 390 in file startup_stm32f407xx.s



ARM Macro Assembler    Page 14 Alphabetic symbol ordering
Relocatable symbols

   Uses
      At line 138 in file startup_stm32f407xx.s
      At line 308 in file startup_stm32f407xx.s

UART4_IRQHandler 00000036

Symbol: UART4_IRQHandler
   Definitions
      At line 398 in file startup_stm32f407xx.s
   Uses
      At line 146 in file startup_stm32f407xx.s
      At line 316 in file startup_stm32f407xx.s

UART5_IRQHandler 00000036

Symbol: UART5_IRQHandler
   Definitions
      At line 399 in file startup_stm32f407xx.s
   Uses
      At line 147 in file startup_stm32f407xx.s
      At line 317 in file startup_stm32f407xx.s

USART1_IRQHandler 00000036

Symbol: USART1_IRQHandler
   Definitions
      At line 383 in file startup_stm32f407xx.s
   Uses
      At line 131 in file startup_stm32f407xx.s
      At line 301 in file startup_stm32f407xx.s

USART2_IRQHandler 00000036

Symbol: USART2_IRQHandler
   Definitions
      At line 384 in file startup_stm32f407xx.s
   Uses
      At line 132 in file startup_stm32f407xx.s
      At line 302 in file startup_stm32f407xx.s

USART3_IRQHandler 00000036

Symbol: USART3_IRQHandler
   Definitions
      At line 385 in file startup_stm32f407xx.s
   Uses
      At line 133 in file startup_stm32f407xx.s
      At line 303 in file startup_stm32f407xx.s

USART6_IRQHandler 00000036

Symbol: USART6_IRQHandler
   Definitions
      At line 417 in file startup_stm32f407xx.s
   Uses
      At line 165 in file startup_stm32f407xx.s
      At line 335 in file startup_stm32f407xx.s

UsageFault_Handler 0000002C



ARM Macro Assembler    Page 15 Alphabetic symbol ordering
Relocatable symbols


Symbol: UsageFault_Handler
   Definitions
      At line 240 in file startup_stm32f407xx.s
   Uses
      At line 82 in file startup_stm32f407xx.s
      At line 241 in file startup_stm32f407xx.s

WWDG_IRQHandler 00000036

Symbol: WWDG_IRQHandler
   Definitions
      At line 346 in file startup_stm32f407xx.s
   Uses
      At line 94 in file startup_stm32f407xx.s
      At line 264 in file startup_stm32f407xx.s

94 symbols



ARM Macro Assembler    Page 1 Alphabetic symbol ordering
Absolute symbols

Heap_Size 00000200

Symbol: Heap_Size
   Definitions
      At line 59 in file startup_stm32f407xx.s
   Uses
      At line 63 in file startup_stm32f407xx.s
Comment: Heap_Size used once
Stack_Size 00000400

Symbol: Stack_Size
   Definitions
      At line 48 in file startup_stm32f407xx.s
   Uses
      At line 51 in file startup_stm32f407xx.s
Comment: Stack_Size used once
__Vectors_Size 00000188

Symbol: __Vectors_Size
   Definitions
      At line 180 in file startup_stm32f407xx.s
   Uses
      At line 74 in file startup_stm32f407xx.s
Comment: __Vectors_Size used once
3 symbols



ARM Macro Assembler    Page 1 Alphabetic symbol ordering
External symbols

SystemInit 00000000

Symbol: SystemInit
   Definitions
      At line 187 in file startup_stm32f407xx.s
   Uses
      At line 212 in file startup_stm32f407xx.s
Comment: SystemInit used once
__main 00000000

Symbol: __main
   Definitions
      At line 188 in file startup_stm32f407xx.s
   Uses
      At line 214 in file startup_stm32f407xx.s
Comment: __main used once
boot_addr_stm32f4 00000000

Symbol: boot_addr_stm32f4
   Definitions
      At line 193 in file startup_stm32f407xx.s
   Uses
      At line 205 in file startup_stm32f407xx.s
Comment: boot_addr_stm32f4 used once
boot_check_var 00000000

Symbol: boot_check_var
   Definitions
      At line 191 in file startup_stm32f407xx.s
   Uses
      At line 196 in file startup_stm32f407xx.s
Comment: boot_check_var used once
boot_special_value 00000000

Symbol: boot_special_value
   Definitions
      At line 192 in file startup_stm32f407xx.s
   Uses
      At line 199 in file startup_stm32f407xx.s
Comment: boot_special_value used once
5 symbols
448 symbols in table
